<component name="libraryTable">
  <library name="junit5">
    <CLASSES />
    <JAVADOC />
    <SOURCES>
      <root url="jar://$PROJECT_DIR$/lib/junit5.jar!/" />
      <root url="jar://$PROJECT_DIR$/lib/junit5.jar!/documentation/src/test/java" />
      <root url="jar://$PROJECT_DIR$/lib/junit5.jar!/junit-jupiter-api/src/main/java" />
      <root url="jar://$PROJECT_DIR$/lib/junit5.jar!/junit-jupiter-engine/src/main/java" />
      <root url="jar://$PROJECT_DIR$/lib/junit5.jar!/junit-jupiter-engine/src/test/java" />
      <root url="jar://$PROJECT_DIR$/lib/junit5.jar!/junit-jupiter-migrationsupport/src/main/java" />
      <root url="jar://$PROJECT_DIR$/lib/junit5.jar!/junit-jupiter-migrationsupport/src/test/java" />
      <root url="jar://$PROJECT_DIR$/lib/junit5.jar!/junit-jupiter-params/src/main/java" />
      <root url="jar://$PROJECT_DIR$/lib/junit5.jar!/junit-jupiter-params/src/test/java" />
      <root url="jar://$PROJECT_DIR$/lib/junit5.jar!/junit-platform-commons-java-9/src/main/java" />
      <root url="jar://$PROJECT_DIR$/lib/junit5.jar!/junit-platform-commons-java-9/src/test/java" />
      <root url="jar://$PROJECT_DIR$/lib/junit5.jar!/junit-platform-commons/src/main/java" />
      <root url="jar://$PROJECT_DIR$/lib/junit5.jar!/junit-platform-console-standalone/src/test/java" />
      <root url="jar://$PROJECT_DIR$/lib/junit5.jar!/junit-platform-console/src/main/java" />
      <root url="jar://$PROJECT_DIR$/lib/junit5.jar!/junit-platform-engine/src/main/java" />
      <root url="jar://$PROJECT_DIR$/lib/junit5.jar!/junit-platform-engine/src/test/java" />
      <root url="jar://$PROJECT_DIR$/lib/junit5.jar!/junit-platform-launcher/src/main/java" />
      <root url="jar://$PROJECT_DIR$/lib/junit5.jar!/junit-platform-runner/src/main/java" />
      <root url="jar://$PROJECT_DIR$/lib/junit5.jar!/junit-platform-suite-api/src/main/java" />
      <root url="jar://$PROJECT_DIR$/lib/junit5.jar!/junit-platform-surefire-provider/src/main/java" />
      <root url="jar://$PROJECT_DIR$/lib/junit5.jar!/junit-platform-surefire-provider/src/test/java" />
      <root url="jar://$PROJECT_DIR$/lib/junit5.jar!/junit-vintage-engine/src/main/java" />
      <root url="jar://$PROJECT_DIR$/lib/junit5.jar!/junit-vintage-engine/src/test/java" />
      <root url="jar://$PROJECT_DIR$/lib/junit5.jar!/platform-tests/src/jmh/java" />
      <root url="jar://$PROJECT_DIR$/lib/junit5.jar!/platform-tests/src/test/java" />
      <root url="jar://$PROJECT_DIR$/lib/junit5.jar!/platform-tooling-support-tests/projects/ant-starter/src/main/java" />
      <root url="jar://$PROJECT_DIR$/lib/junit5.jar!/platform-tooling-support-tests/projects/ant-starter/src/test/java" />
      <root url="jar://$PROJECT_DIR$/lib/junit5.jar!/platform-tooling-support-tests/projects/gradle-missing-engine/src/test/java" />
      <root url="jar://$PROJECT_DIR$/lib/junit5.jar!/platform-tooling-support-tests/projects/gradle-starter/src/main/java" />
      <root url="jar://$PROJECT_DIR$/lib/junit5.jar!/platform-tooling-support-tests/projects/gradle-starter/src/test/java" />
      <root url="jar://$PROJECT_DIR$/lib/junit5.jar!/platform-tooling-support-tests/projects/maven-starter/src/main/java" />
      <root url="jar://$PROJECT_DIR$/lib/junit5.jar!/platform-tooling-support-tests/projects/maven-starter/src/test/java" />
      <root url="jar://$PROJECT_DIR$/lib/junit5.jar!/platform-tooling-support-tests/src/main/java" />
      <root url="jar://$PROJECT_DIR$/lib/junit5.jar!/platform-tooling-support-tests/src/test/java" />
    </SOURCES>
  </library>
</component>